This is pdfTeX, Version 3.141592653-2.6-1.40.24 (TeX Live 2022) (preloaded format=pdflatex)
 restricted \write18 enabled.
entering extended mode
(C:\Users\Lenovo\AppData\Local\Temp\tmpixfioy4s/circuit.tex
LaTeX2e <2021-11-15> patch level 1
L3 programming layer <2022-04-10>
(c:/texlive/2022/texmf-dist/tex/latex/standalone/standalone.cls
Document Class: standalone 2018/03/26 v1.3a Class to compile TeX sub-files stan
dalone
(c:/texlive/2022/texmf-dist/tex/latex/tools/shellesc.sty)
(c:/texlive/2022/texmf-dist/tex/generic/iftex/ifluatex.sty
(c:/texlive/2022/texmf-dist/tex/generic/iftex/iftex.sty))

! LaTeX Error: File `xkeyval.sty' not found.

Type X to quit or <RETURN> to proceed,
or enter new name. (Default extension: sty)

Enter file name: 
! Emergency stop.
<read *> 
         
l.122 \newif
            \ifsa@preview^^M
!  ==> Fatal error occurred, no output PDF file produced!
Transcript written on C:\Users\Lenovo\AppData\Local\Temp\tmpixfioy4s/circuit.lo
g.
